# File TANKWAR.ASM
0000			; z80dasm 1.1.6 
0000			; command line: z80dasm --labels --origin=0x100 TANKWAR.COM 
0000			 
0000				org	00100h 
0100			 
0100			l0100h: 
0100 c3 03 0d			jp l0d03h 
0103			l0103h: 
0103 31 00 18			ld sp,01800h 
0106 01 ff 08			ld bc,l08ffh 
0109 21 00 0c			ld hl,l0c00h 
010c cd 53 05			call sub_0553h 
010f 21 58 06			ld hl,l0658h 
0112 11 18 14			ld de,01418h 
0115 01 18 00			ld bc,00018h 
0118			l0118h: 
0118 ed b0			ldir 
011a 21 58 06			ld hl,l0658h 
011d 11 6f 14			ld de,0146fh 
0120 0e 18			ld c,018h 
0122 ed b0			ldir 
0124 21 70 06			ld hl,l0670h 
0127 11 46 14			ld de,01446h 
012a 0e 24			ld c,024h 
012c ed b0			ldir 
012e 21 70 06			ld hl,l0670h 
0131 11 9d 14			ld de,0149dh 
0134			l0134h: 
0134 0e 0c			ld c,00ch 
0136 ed b0			ldir 
0138 21 94 06			ld hl,l0694h 
013b 11 a9 14			ld de,014a9h 
013e 0e 18			ld c,018h 
0140 ed b0			ldir 
0142 21 ac 06			ld hl,l06ach 
0145 11 d7 14			ld de,014d7h 
0148 0e 0c			ld c,00ch 
014a ed b0			ldir 
014c 21 00 07			ld hl,l0700h 
014f			l014fh: 
014f 11 80 0c			ld de,00c80h 
0152 01 00 01			ld bc,l0100h 
0155 ed b0			ldir 
0157 3e 10			ld a,010h 
0159 cd 5b 05			call 0055bh 
015c db 18			in a,(018h) 
015e e6 88			and 088h 
0160 c2 59 00			jp nz,00059h 
0163			l0163h: 
0163				; ZOGGINS 
0163				; I think this was used to disable the display, but 
0163				; it also change the DMA address.  However, it doesn't  
0163				; appear necessary. 
0163				;xor a	 
0163				;out (00eh),a 
0163 00				nop 
0164 00				nop 
0165 00				nop 
0166 01 f4 01			ld bc,l01f3h+1 
0169 21 00 0c			ld hl,l0c00h 
016c cd 53 05			call sub_0553h 
016f 3e ff			ld a,0ffh 
0171 21 12 06			ld hl,l0612h 
0174 23				inc hl	 
0175 32 6e 14			ld (0146eh),a 
0178 7e				ld a,(hl)	 
0179 b7				or a	 
017a ca 92 00			jp z,00092h 
017d 47				ld b,a	 
017e 23				inc hl	 
017f 4e				ld c,(hl)	 
0180 23				inc hl	 
0181 cd 8a 04			call sub_048ah 
0184 3a 6e 14			ld a,(0146eh) 
0187 ee 0f			xor 00fh 
0189 12				ld (de),a	 
018a 0c				inc c	 
018b 79				ld a,c	 
018c be				cp (hl)	 
018d 3e 00			ld a,000h 
018f ca 71 00			jp z,00071h 
0192 c3 7e 00			jp 0007eh 
0195 21 d8 05			ld hl,005d8h 
0198 23				inc hl	 
0199 7e				ld a,(hl)	 
019a b7				or a	 
019b ca ae 00			jp z,000aeh 
019e 47				ld b,a	 
019f 23				inc hl	 
01a0 4e				ld c,(hl)	 
01a1 23				inc hl	 
01a2 cd 8a 04			call sub_048ah 
01a5 3e ff			ld a,0ffh 
01a7 12				ld (de),a	 
01a8 04				inc b	 
01a9 78				ld a,b	 
01aa be				cp (hl)	 
01ab ca 95 00			jp z,00095h 
01ae c3 9f 00			jp 0009fh 
01b1 01 f1 fc			ld bc,0fcf1h 
01b4 21 05 04			ld hl,l0405h 
01b7 cd 8a 04			call sub_048ah 
01ba 3e 09			ld a,009h 
01bc 12				ld (de),a	 
01bd 04				inc b	 
01be 04				inc b	 
01bf 04				inc b	 
01c0 25				dec h	 
01c1 c2 b4 00			jp nz,000b4h 
01c4 26 04			ld h,004h 
01c6 3e f4			ld a,0f4h 
01c8 80				add a,b	 
01c9 47				ld b,a	 
01ca 3e 06			ld a,006h 
01cc 81				add a,c	 
01cd 4f				ld c,a	 
01ce 2d				dec l	 
01cf c2 b4 00			jp nz,000b4h 
01d2 11 00 08			ld de,l0800h 
01d5 21 6d 04			ld hl,0046dh 
01d8 01 ed f4			ld bc,0f4edh 
01db cd 45 04			call sub_0445h 
01de 11 00 0b			ld de,l0b00h 
01e1 21 6d 04			ld hl,0046dh 
01e4 01 13 05			ld bc,l0513h 
01e7 cd 45 04			call sub_0445h 
01ea 3e 6f			ld a,06fh 
01ec cd 5b 05			call 0055bh 
01ef db 18			in a,(018h) 
01f1 e6 66			and 066h 
01f3			l01f3h: 
01f3 ca 00 00			jp z,00000h 
01f6 3a 3d 14			ld a,(0143dh) 
01f9 fe 90			cp 090h 
01fb d2 ec 00			jp nc,000ech 
01fe 06 00			ld b,000h 
0200 3a 47 14			ld a,(01447h) 
0203 4f				ld c,a	 
0204 ed 78			in a,(c) 
0206 e6 c0			and 0c0h 
0208 2a 18 14			ld hl,(01418h) 
020b e2 10 01			jp po,00110h 
020e 26 00			ld h,000h 
0210 c3 1e 01			jp 0011eh 
0213 f2 17 01			jp p,00117h 
0216 26 0f			ld h,00fh 
0218 06 80			ld b,080h 
021a 3e 3f			ld a,03fh 
021c bc				cp h	 
021d ca 1e 01			jp z,0011eh 
0220 24				inc h	 
0221 3a 46 14			ld a,(01446h) 
0224 4f				ld c,a	 
0225 ed 78			in a,(c) 
0227 e6 c0			and 0c0h 
0229 11 00 00			ld de,00000h 
022c ea 3d 01			jp pe,0013dh 
022f 3e 01			ld a,001h 
0231 f2 34 01			jp p,l0134h 
0234 3e ff			ld a,0ffh 
0236 5f				ld e,a	 
0237 85				add a,l	 
0238 6f				ld l,a	 
0239 ab				xor e	 
023a			l023ah: 
023a e6 0f			and 00fh 
023c c2 3d 01			jp nz,0013dh 
023f 14				inc d	 
0240 22 00 14			ld (01400h),hl 
0243 7c				ld a,h	 
0244 e6 30			and 030h 
0246 67				ld h,a	 
0247 b2				or d	 
0248 c2 63 01			jp nz,l0163h 
024b 21 1a 14			ld hl,0141ah 
024e 11 02 14			ld de,01402h 
0251 01 16 00			ld bc,00016h 
0254 ed b0			ldir 
0256 11 ff 03			ld de,003ffh 
0259 1d				dec e	 
025a c2 56 01			jp nz,00156h 
025d 1e ff			ld e,0ffh 
025f 15				dec d	 
0260 c2 56 01			jp nz,00156h 
0263 c3 f3 01			jp l01f3h 
0266 7d				ld a,l	 
0267 a8				xor b	 
0268 4f				ld c,a	 
0269 44				ld b,h	 
026a c5				push bc	 
026b 2a 2a 14			ld hl,(0142ah) 
026e cd 2f 05			call sub_052fh 
0271 22 12 14			ld (01412h),hl 
0274 7c				ld a,h	 
0275 cb 2f			sra a 
0277 cb 2f			sra a 
0279 32 17 14			ld (01417h),a 
027c c1				pop bc	 
027d 3e c0			ld a,0c0h 
027f 81				add a,c	 
0280 4f				ld c,a	 
0281 2a 2c 14			ld hl,(0142ch) 
0284			l0284h: 
0284 cd 2f 05			call sub_052fh 
0287 22 14 14			ld (01414h),hl 
028a 7c				ld a,h	 
028b cb 2f			sra a 
028d 32 16 14			ld (01416h),a 
0290 3a 13 14			ld a,(01413h) 
0293 cd d3 04			call 004d3h 
0296 2a 50 14			ld hl,(01450h) 
0299 eb				ex de,hl	 
029a 3a 00 14			ld a,(01400h) 
029d e6 f0			and 0f0h 
029f 6f				ld l,a	 
02a0 3a 15 14			ld a,(01415h) 
02a3 e6 01			and 001h 
02a5 07				rlca	 
02a6 07				rlca	 
02a7 07				rlca	 
02a8			l02a8h: 
02a8 85				add a,l	 
02a9 6f				ld l,a	 
02aa 26 00			ld h,000h 
02ac 29				add hl,hl	 
02ad 19				add hl,de	 
02ae 11 02 14			ld de,01402h 
02b1 cd 79 04			call 00479h 
02b4 2a 2e 14			ld hl,(0142eh) 
02b7 11 1a 14			ld de,0141ah 
02ba 44				ld b,h	 
02bb			l02bbh: 
02bb 4d				ld c,l	 
02bc 21 6d 04			ld hl,0046dh 
02bf cd 45 04			call sub_0445h 
02c2 2a 16 14			ld hl,(01416h) 
02c5 11 02 14			ld de,01402h 
02c8 44				ld b,h	 
02c9 4d				ld c,l	 
02ca 21 72 04			ld hl,00472h 
02cd cd 45 04			call sub_0445h 
02d0 a7				and a	 
02d1 c2 e5 01			jp nz,001e5h 
02d4 60				ld h,b	 
02d5 69				ld l,c	 
02d6 22 39 14			ld (01439h),hl 
02d9 21 18 14			ld hl,01418h 
02dc 11 00 14			ld de,01400h 
02df 01 18 00			ld bc,00018h 
02e2 ed b0			ldir 
02e4 af				xor a	 
02e5			l02e5h: 
02e5 32 01 14			ld (01401h),a 
02e8 2a 16 14			ld hl,(01416h) 
02eb 44				ld b,h	 
02ec 4d				ld c,l	 
02ed 21 6d 04			ld hl,0046dh 
02f0 11 02 14			ld de,01402h 
02f3 cd 45 04			call sub_0445h 
02f6 3a 3f 14			ld a,(0143fh) 
02f9 b7				or a	 
02fa fa f1 02			jp m,002f1h 
02fd c2 3a 02			jp nz,l023ah 
0300 db 18			in a,(018h) 
0302 47				ld b,a	 
0303			l0303h: 
0303 3a 48 14			ld a,(01448h) 
0306 a0				and b	 
0307 c2 2a 03			jp nz,0032ah 
030a 3e 04			ld a,004h 
030c 32 3f 14			ld (0143fh),a 
030f 3a 00 14			ld a,(01400h) 
0312 32 30 14			ld (01430h),a 
0315 e6 f0			and 0f0h 
0317 0f				rrca	 
0318 0f				rrca	 
0319 0f				rrca	 
031a 0f				rrca	 
031b 4f				ld c,a	 
031c 06 00			ld b,000h 
031e 21 44 06			ld hl,00644h 
0321 09				add hl,bc	 
0322 3a 2d 14			ld a,(0142dh) 
0325 86				add a,(hl)	 
0326 32 34 14			ld (01434h),a 
0329 0e 04			ld c,004h 
032b 09				add hl,bc	 
032c 3a 2b 14			ld a,(0142bh) 
032f 86				add a,(hl)	 
0330 32 32 14			ld (01432h),a 
0333 af				xor a	 
0334 32 42 14			ld (01442h),a 
0337 cd 66 05			call 00566h 
033a c3 2a 03			jp 0032ah 
033d 3a 30 14			ld a,(01430h) 
0340 4f				ld c,a	 
0341 06 a0			ld b,0a0h 
0343 c5				push bc	 
0344 2a 31 14			ld hl,(01431h) 
0347 cd 2f 05			call sub_052fh 
034a 22 31 14			ld (01431h),hl 
034d c1				pop bc	 
034e 3e c0			ld a,0c0h 
0350 81				add a,c	 
0351 4f				ld c,a	 
0352 2a 33 14			ld hl,(01433h) 
0355 cd 2f 05			call sub_052fh 
0358 22 33 14			ld (01433h),hl 
035b 7c				ld a,h	 
035c cb 2f			sra a 
035e 4f				ld c,a	 
035f 3d				dec a	 
0360 32 35 14			ld (01435h),a 
0363 3a 32 14			ld a,(01432h) 
0366 cb 2f			sra a 
0368 cb 2f			sra a 
036a 47				ld b,a	 
036b 3d				dec a	 
036c 32 36 14			ld (01436h),a 
036f cd 8a 04			call sub_048ah 
0372 eb				ex de,hl	 
0373 22 43 14			ld (01443h),hl 
0376 3a 32 14			ld a,(01432h) 
0379 cd d3 04			call 004d3h 
037c 3a 34 14			ld a,(01434h) 
037f 2f				cpl	 
0380 e6 01			and 001h 
0382 c2 84 02			jp nz,l0284h 
0385 3e 04			ld a,004h 
0387 cd ee 04			call 004eeh 
038a 32 45 14			ld (01445h),a 
038d 2a 40 14			ld hl,(01440h) 
0390 3a 42 14			ld a,(01442h) 
0393 ae				xor (hl)	 
0394 77				ld (hl),a	 
0395 2a 43 14			ld hl,(01443h) 
0398 3a 45 14			ld a,(01445h) 
039b 22 40 14			ld (01440h),hl 
039e 32 42 14			ld (01442h),a 
03a1 a6				and (hl)	 
03a2 ca a8 02			jp z,l02a8h 
03a5 7e				ld a,(hl)	 
03a6 fe 09			cp 009h 
03a8 c2 bb 02			jp nz,l02bbh 
03ab 3a 3f 14			ld a,(0143fh) 
03ae c6 04			add a,004h 
03b0			l03b0h: 
03b0 32 3f 14			ld (0143fh),a 
03b3			l03b3h: 
03b3 fa e5 02			jp m,l02e5h 
03b6 3a 45 14			ld a,(01445h) 
03b9 ae				xor (hl)	 
03ba 77				ld (hl),a	 
03bb c3 2a 03			jp 0032ah 
03be 3e 80			ld a,080h 
03c0 32 3f 14			ld (0143fh),a 
03c3 2a 6a 14			ld hl,(0146ah) 
03c6 eb				ex de,hl	 
03c7 3a 34 14			ld a,(01434h) 
03ca 93				sub e	 
03cb			l03cbh: 
03cb fa e5 02			jp m,l02e5h 
03ce fe 09			cp 009h 
03d0 f2 e5 02			jp p,l02e5h 
03d3 3a 32 14			ld a,(01432h) 
03d6 92				sub d	 
03d7 fa e5 02			jp m,l02e5h 
03da fe 09			cp 009h 
03dc f2 e5 02			jp p,l02e5h 
03df 3a 3d 14			ld a,(0143dh) 
03e2 c6 02			add a,002h 
03e4 27				daa	 
03e5 32 3d 14			ld (0143dh),a 
03e8 21 93 05			ld hl,00593h 
03eb 22 37 14			ld (01437h),hl 
03ee cd 66 05			call 00566h 
03f1 c3 2a 03			jp 0032ah 
03f4 3a 3f 14			ld a,(0143fh) 
03f7 c6 04			add a,004h 
03f9 32 3f 14			ld (0143fh),a 
03fc e6 1f			and 01fh 
03fe c2 2a 03			jp nz,0032ah 
0401 2a 37 14			ld hl,(01437h) 
0404			l0404h: 
0404 eb				ex de,hl	 
0405			l0405h: 
0405 2a 35 14			ld hl,(01435h) 
0408 44				ld b,h	 
0409 4d				ld c,l	 
040a 21 6d 04			ld hl,0046dh 
040d cd 45 04			call sub_0445h 
0410 3a 3f 14			ld a,(0143fh) 
0413 b7				or a	 
0414 ca 2a 03			jp z,0032ah 
0417 2a 37 14			ld hl,(01437h) 
041a 11 0a 00			ld de,0000ah 
041d 19				add hl,de	 
041e 22 37 14			ld (01437h),hl 
0421			sub_0421h: 
0421 eb				ex de,hl	 
0422 2a 35 14			ld hl,(01435h) 
0425 44				ld b,h	 
0426 4d				ld c,l	 
0427 21 6d 04			ld hl,0046dh 
042a cd 45 04			call sub_0445h 
042d 3a 13 14			ld a,(01413h) 
0430 32 6b 14			ld (0146bh),a 
0433 3a 15 14			ld a,(01415h) 
0436 32 6a 14			ld (0146ah),a 
0439 11 55 14			ld de,01455h 
043c 01 f1 fc			ld bc,0fcf1h 
043f 21 04 04			ld hl,l0404h 
0442 1a				ld a,(de)	 
0443 fe 02			cp 002h 
0445			sub_0445h: 
0445 ca cb 03			jp z,l03cbh 
0448 e5				push hl	 
0449 d5				push de	 
044a c5				push bc	 
044b b7				or a	 
044c fa 7a 03			jp m,0037ah 
044f c2 b3 03			jp nz,l03b3h 
0452 3a 39 14			ld a,(01439h) 
0455 b9				cp c	 
0456 c2 b3 03			jp nz,l03b3h 
0459 3a 3a 14			ld a,(0143ah) 
045c b8				cp b	 
045d c2 b3 03			jp nz,l03b3h 
0460 3e 80			ld a,080h 
0462 12				ld (de),a	 
0463 3e 01			ld a,001h 
0465 32 6d 14			ld (0146dh),a 
0468 21 93 05			ld hl,00593h 
046b 22 3b 14			ld (0143bh),hl 
046e c1				pop bc	 
046f c5				push bc	 
0470 cd 8a 04			call sub_048ah 
0473 1a				ld a,(de)	 
0474 ee 09			xor 009h 
0476 12				ld (de),a	 
0477 cd 66 05			call 00566h 
047a c3 b3 03			jp l03b3h 
047d 1a				ld a,(de)	 
047e c6 02			add a,002h 
0480 12				ld (de),a	 
0481 e6 1f			and 01fh 
0483 c2 b3 03			jp nz,l03b3h 
0486 c1				pop bc	 
0487 c5				push bc	 
0488			l0488h: 
0488 05				dec b	 
0489 0d				dec c	 
048a			sub_048ah: 
048a 2a 3b 14			ld hl,(0143bh) 
048d eb				ex de,hl	 
048e 21 6d 04			ld hl,0046dh 
0491 cd 45 04			call sub_0445h 
0494 c1				pop bc	 
0495 d1				pop de	 
0496 d5				push de	 
0497 c5				push bc	 
0498 1a				ld a,(de)	 
0499			l0499h: 
0499 b7				or a	 
049a ca b0 03			jp z,l03b0h 
049d 2a 3b 14			ld hl,(0143bh) 
04a0			l04a0h: 
04a0 11 0a 00			ld de,0000ah 
04a3 19				add hl,de	 
04a4 22 3b 14			ld (0143bh),hl 
04a7 eb				ex de,hl	 
04a8 05				dec b	 
04a9 0d				dec c	 
04aa 21 6d 04			ld hl,0046dh 
04ad cd 45 04			call sub_0445h 
04b0 c3 b3 03			jp l03b3h 
04b3 c6 04			add a,004h 
04b5 12				ld (de),a	 
04b6 c1				pop bc	 
04b7 d1				pop de	 
04b8 e1				pop hl	 
04b9 13				inc de	 
04ba 78				ld a,b	 
04bb c6 03			add a,003h 
04bd 47				ld b,a	 
04be 25				dec h	 
04bf c2 3f 03			jp nz,0033fh 
04c2			l04c2h: 
04c2 65				ld h,l	 
04c3 78				ld a,b	 
04c4 d6 0c			sub 00ch 
04c6 47				ld b,a	 
04c7 79				ld a,c	 
04c8 c6 06			add a,006h 
04ca 4f				ld c,a	 
04cb c3 3f 03			jp 0033fh 
04ce 3a 49 14			ld a,(01449h) 
04d1 47				ld b,a	 
04d2 3a 6c 14			ld a,(0146ch) 
04d5 4f				ld c,a	 
04d6 3a 3d 14			ld a,(0143dh) 
04d9 81				add a,c	 
04da 27				daa	 
04db 32 3d 14			ld (0143dh),a 
04de 0e e2			ld c,0e2h 
04e0 e6 f0			and 0f0h 
04e2 07				rlca	 
04e3 07				rlca	 
04e4 07				rlca	 
04e5 07				rlca	 
04e6			l04e6h: 
04e6 cd 21 04			call sub_0421h 
04e9 0e e2			ld c,0e2h 
04eb 04				inc b	 
04ec 3a 3d 14			ld a,(0143dh) 
04ef e6 0f			and 00fh 
04f1 cd 21 04			call sub_0421h 
04f4 3a 6d 14			ld a,(0146dh) 
04f7 32 6c 14			ld (0146ch),a 
04fa af				xor a	 
04fb 32 6d 14			ld (0146dh),a 
04fe 2a 4e 14			ld hl,(0144eh) 
0501 11 30 14			ld de,01430h 
0504 eb				ex de,hl	 
0505 01 16 00			ld bc,00016h 
0508 ed b0			ldir 
050a 11 00 14			ld de,01400h 
050d 01 18 00			ld bc,00018h 
0510 2a 4c 14			ld hl,(0144ch) 
0513			l0513h: 
0513 eb				ex de,hl	 
0514 ed b0			ldir 
0516 2a 4a 14			ld hl,(0144ah) 
0519 11 18 14			ld de,01418h 
051c 01 3a 00			ld bc,0003ah 
051f ed b0			ldir 
0521 c3 ec 00			jp 000ech 
0524 5f				ld e,a	 
0525 16 00			ld d,000h 
0527 21 bb 05			ld hl,l05bbh 
052a 19				add hl,de	 
052b 19				add hl,de	 
052c 19				add hl,de	 
052d e5				push hl	 
052e 78				ld a,b	 
052f			sub_052fh: 
052f b7				or a	 
0530 21 03 00			ld hl,00003h 
0533 fa 35 04			jp m,00435h 
0536 26 ff			ld h,0ffh 
0538 e3				ex (sp),hl	 
0539 cd 8a 04			call sub_048ah 
053c 7e				ld a,(hl)	 
053d 23				inc hl	 
053e e3				ex (sp),hl	 
053f			l053fh: 
053f ac				xor h	 
0540 12				ld (de),a	 
0541 0c				inc c	 
0542			l0542h: 
0542 2d				dec l	 
0543 c2 35 04			jp nz,00435h 
0546 e1				pop hl	 
0547 c9				ret	 
0548 22 53 14			ld (01453h),hl 
054b			l054bh: 
054b eb				ex de,hl	 
054c 11 03 03			ld de,l0303h 
054f d5				push de	 
0550 e3				ex (sp),hl	 
0551 e3				ex (sp),hl	 
0552 7e				ld a,(hl)	 
0553			sub_0553h: 
0553 fe 99			cp 099h 
0555 c2 57 04			jp nz,00457h 
0558 d1				pop de	 
0559 c9				ret	 
055a cd 8a 04			call sub_048ah 
055d 1a				ld a,(de)	 
055e c3 52 14			jp 01452h 
0561 23				inc hl	 
0562 e3				ex (sp),hl	 
0563 04				inc b	 
0564 25				dec h	 
0565 c2 4e 04			jp nz,0044eh 
0568 65				ld h,l	 
0569 78				ld a,b	 
056a 94				sub h	 
056b 47				ld b,a	 
056c			l056ch: 
056c 0c				inc c	 
056d			l056dh: 
056d c3 4e 04			jp 0044eh 
0570 ae				xor (hl)	 
0571 12				ld (de),a	 
0572 c3 5e 04			jp 0045eh 
0575 a6				and (hl)	 
0576 ca 5e 04			jp z,0045eh 
0579 d1				pop de	 
057a af				xor a	 
057b c9				ret	 
057c 7e				ld a,(hl)	 
057d fe 99			cp 099h 
057f ca 88 04			jp z,l0488h 
0582 cd ee 04			call 004eeh 
0585 12				ld (de),a	 
0586 13				inc de	 
0587 23				inc hl	 
0588 c3 79 04			jp 00479h 
058b 12				ld (de),a	 
058c c9				ret	 
058d e5				push hl	 
058e 3e f0			ld a,0f0h 
0590 b8				cp b	 
0591 fa 92 04			jp m,00492h 
0594 47				ld b,a	 
0595 3e e0			ld a,0e0h 
0597 b9				cp c	 
0598 fa 99 04			jp m,l0499h 
059b 4f				ld c,a	 
059c 3e 1f			ld a,01fh 
059e b9				cp c	 
059f f2 a0 04			jp p,l04a0h 
05a2 4f				ld c,a	 
05a3 78				ld a,b	 
05a4 b1				or c	 
05a5 11 00 06			ld de,l0600h 
05a8 26 00			ld h,000h 
05aa f2 c2 04			jp p,l04c2h 
05ad 78				ld a,b	 
05ae a1				and c	 
05af 11 10 01			ld de,00110h 
05b2 26 ff			ld h,0ffh 
05b4 fa c2 04			jp m,l04c2h 
05b7 b0				or b	 
05b8 11 10 03			ld de,00310h 
05bb			l05bbh: 
05bb 26 00			ld h,000h 
05bd fa c2 04			jp m,l04c2h 
05c0 11 00 04			ld de,00400h 
05c3 26 ff			ld h,0ffh 
05c5 69				ld l,c	 
05c6 29				add hl,hl	 
05c7 29				add hl,hl	 
05c8 29				add hl,hl	 
05c9 29				add hl,hl	 
05ca 19				add hl,de	 
05cb 58				ld e,b	 
05cc 16 00			ld d,000h 
05ce 19				add hl,de	 
05cf			l05cfh: 
05cf 11 00 0c			ld de,l0c00h 
05d2 19				add hl,de	 
05d3 eb				ex de,hl	 
05d4 e1				pop hl	 
05d5 c9				ret	 
05d6 d9				exx	 
05d7 e6 03			and 003h 
05d9 07				rlca	 
05da 5f				ld e,a	 
05db 16 00			ld d,000h 
05dd 21 e6 04			ld hl,l04e6h 
05e0 19				add hl,de	 
05e1 5e				ld e,(hl)	 
05e2 23				inc hl	 
05e3 56				ld d,(hl)	 
05e4 eb				ex de,hl	 
05e5 16 00			ld d,000h 
05e7 d9				exx	 
05e8 c9				ret	 
05e9 05				dec b	 
05ea 05				dec b	 
05eb f2 04 08			jp p,l0804h 
05ee 05				dec b	 
05ef 19				add hl,de	 
05f0 05				dec b	 
05f1 d9				exx	 
05f2 e9				jp (hl)	 
05f3 d9				exx	 
05f4 c9				ret	 
05f5 07				rlca	 
05f6 47				ld b,a	 
05f7 e6 aa			and 0aah 
05f9 4f				ld c,a	 
05fa 78				ld a,b	 
05fb 07				rlca	 
05fc 07				rlca	 
05fd 47				ld b,a	 
05fe e6 50			and 050h 
0600			l0600h: 
0600 b1				or c	 
0601 b2				or d	 
0602 4f				ld c,a	 
0603 78				ld a,b	 
0604 e6 05			and 005h 
0606 57				ld d,a	 
0607 79				ld a,c	 
0608 c3 f0 04			jp 004f0h 
060b 07				rlca	 
060c 07				rlca	 
060d 07				rlca	 
060e 07				rlca	 
060f 47				ld b,a	 
0610 e6 f0			and 0f0h 
0612			l0612h: 
0612 b2				or d	 
0613 4f				ld c,a	 
0614 78				ld a,b	 
0615 e6 0f			and 00fh 
0617 57				ld d,a	 
0618 79				ld a,c	 
0619 c3 f0 04			jp 004f0h 
061c 0f				rrca	 
061d 47				ld b,a	 
061e e6 55			and 055h 
0620 4f				ld c,a	 
0621 78				ld a,b	 
0622 0f				rrca	 
0623 0f				rrca	 
0624 47				ld b,a	 
0625 e6 a0			and 0a0h 
0627 b2				or d	 
0628 5f				ld e,a	 
0629 78				ld a,b	 
062a e6 0a			and 00ah 
062c b1				or c	 
062d 57				ld d,a	 
062e 7b				ld a,e	 
062f c3 f0 04			jp 004f0h 
0632 eb				ex de,hl	 
0633 21 81 05			ld hl,00581h 
0636 79				ld a,c	 
0637 e6 f0			and 0f0h 
0639 0f				rrca	 
063a 0f				rrca	 
063b 0f				rrca	 
063c fe 12			cp 012h 
063e fa 42 05			jp m,l0542h 
0641 ee 1e			xor 01eh 
0643 c6 02			add a,002h 
0645 4f				ld c,a	 
0646 78				ld a,b	 
0647 06 00			ld b,000h 
0649 09				add hl,bc	 
064a 4e				ld c,(hl)	 
064b 23				inc hl	 
064c 46				ld b,(hl)	 
064d eb				ex de,hl	 
064e b7				or a	 
064f c8				ret z	 
0650 09				add hl,bc	 
0651 d6 10			sub 010h 
0653 c3 4b 05			jp l054bh 
0656 5d				ld e,l	 
0657 54				ld d,h	 
0658			l0658h: 
0658 36 00			ld (hl),000h 
065a 13				inc de	 
065b ed b0			ldir 
065d c9				ret	 
065e d3 0f			out (00fh),a 
0660 21 00 0c			ld hl,l0c00h 
0663 7c				ld a,h	 
0664 37				scf	 
0665 1f				rra	 
0666 d3 0e			out (00eh),a 
0668 c9				ret	 
0669 16 a0			ld d,0a0h 
066b 06 20			ld b,020h 
066d 3e 7f			ld a,07fh 
066f 48				ld c,b	 
0670			l0670h: 
0670 0d				dec c	 
0671 c2 6d 05			jp nz,l056dh 
0674 d3 19			out (019h),a 
0676 d3 1b			out (01bh),a 
0678 2f				cpl	 
0679 04				inc b	 
067a 15				dec d	 
067b c2 6c 05			jp nz,l056ch 
067e af				xor a	 
067f d3 19			out (019h),a 
0681 d3 1b			out (01bh),a 
0683 c9				ret	 
0684 2b				dec hl	 
0685 00				nop	 
0686 27				daa	 
0687 00				nop	 
0688 1e 00			ld e,000h 
068a 10 00			djnz l068ch 
068c			l068ch: 
068c 00				nop	 
068d 00				nop	 
068e f0				ret p	 
068f ff				rst 38h	 
0690 e2 ff d9			jp po,0d9ffh 
0693 ff				rst 38h	 
0694			l0694h: 
0694 d6 ff			sub 0ffh 
0696 99				sbc a,c	 
0697 00				nop	 
0698 00				nop	 
0699 00				nop	 
069a 00				nop	 
069b 00				nop	 
069c 00				nop	 
069d 00				nop	 
069e 00				nop	 
069f 00				nop	 
06a0 80				add a,b	 
06a1 0c				inc c	 
06a2 00				nop	 
06a3 a0				and b	 
06a4 0e 00			ld c,000h 
06a6 00				nop	 
06a7 00				nop	 
06a8 00				nop	 
06a9 99				sbc a,c	 
06aa 60				ld h,b	 
06ab 43				ld b,e	 
06ac			l06ach: 
06ac 00				nop	 
06ad 50				ld d,b	 
06ae 51				ld d,c	 
06af 00				nop	 
06b0 20 03			jr nz,$+5 
06b2 00				nop	 
06b3 99				sbc a,c	 
06b4 10 11			djnz $+19 
06b6 00				nop	 
06b7 10 10			djnz l06c9h 
06b9 00				nop	 
06ba 10 11			djnz $+19 
06bc 00				nop	 
06bd 99				sbc a,c	 
06be ba				cp d	 
06bf aa				xor d	 
06c0 32 a0 a0			ld (0a0a0h),a 
06c3 20 b2			jr nz,$-76 
06c5 3a 32 b2			ld a,(0b232h) 
06c8 b2				or d	 
06c9			l06c9h: 
06c9 32 8a b2			ld (0b28ah),a 
06cc 20 3a			jr nz,l0708h 
06ce b2				or d	 
06cf 32 3a ba			ld (0ba3ah),a 
06d2 32 b2 a0			ld (0a0b2h),a 
06d5 20 ba			jr nz,$-68 
06d7 ba				cp d	 
06d8 32 ba b2			ld (0b2bah),a 
06db 32 f4 e0			ld (0e0f4h),a 
06de 10 f0			djnz $-14 
06e0 e6 f4			and 0f4h 
06e2 f4 eb f7			call p,0f7ebh 
06e5 fa e8 fe			jp m,0fee8h 
06e8 f0				ret p	 
06e9 f9				ld sp,hl	 
06ea f3				di	 
06eb f3				di	 
06ec 02				ld (bc),a	 
06ed f6 f3			or 0f3h 
06ef			l06efh: 
06ef 12				ld (de),a	 
06f0 f7				rst 30h	 
06f1 f0				ret p	 
06f2 1f				rra	 
06f3 10 fa			djnz l06efh 
06f5 11 fc 04			ld de,004fch 
06f8 e8				ret pe	 
06f9 07				rlca	 
06fa 07				rlca	 
06fb f7				rst 30h	 
06fc 0a				ld a,(bc)	 
06fd 07				rlca	 
06fe 02				ld (bc),a	 
06ff 0d				dec c	 
0700			l0700h: 
0700 04				inc b	 
0701 11 07 0b			ld de,l0b07h 
0704 13				inc de	 
0705 0e 0c			ld c,00ch 
0707 e1				pop hl	 
0708			l0708h: 
0708 10 0c			djnz l0716h 
070a e2 10 0c			jp po,l0c10h 
070d e3				ex (sp),hl	 
070e 10 0c			djnz l071ch 
0710 e4 10 0c			call po,l0c10h 
0713 e5				push hl	 
0714 10 00			djnz l0716h 
0716			l0716h: 
0716 0f				rrca	 
0717 e0				ret po	 
0718 20 0a			jr nz,l0724h 
071a f3				di	 
071b f9				ld sp,hl	 
071c			l071ch: 
071c 07				rlca	 
071d e8				ret pe	 
071e ee 07			xor 007h 
0720 f8				ret m	 
0721 fd 07 0c			defb 0fdh,007h,00ch	;illegal sequence 
0724			l0724h: 
0724 12				ld (de),a	 
0725 04				inc b	 
0726 11 18 01			ld de,l0118h 
0729			l0729h: 
0729 e1				pop hl	 
072a ec 01 19			call pe,01901h 
072d 20 fa			jr nz,l0729h 
072f e8				ret pe	 
0730 ec fa fe			call pe,0fefah 
0733 05				dec b	 
0734 fa 0b 12			jp m,0120bh 
0737 f7				rst 30h	 
0738 eb				ex de,hl	 
0739 f3				di	 
073a f6 fc			or 0fch 
073c 03				inc bc	 
073d f5				push af	 
073e 1c				inc e	 
073f 20 f0			jr nz,$-14 
0741 e6 20			and 020h 
0743 f4 e1 e7			call p,0e7e1h 
0746 00				nop	 
0747 02				ld (bc),a	 
0748 02				ld (bc),a	 
0749 07				rlca	 
074a 08				ex af,af'	 
074b 07				rlca	 
074c 08				ex af,af'	 
074d 07				rlca	 
074e 03				inc bc	 
074f 02				ld (bc),a	 
0750 03				inc bc	 
0751 01 00 00			ld bc,00000h 
0754 00				nop	 
0755 01 02 02			ld bc,00202h 
0758 02				ld (bc),a	 
0759 07				rlca	 
075a 08				ex af,af'	 
075b 00				nop	 
075c 00				nop	 
075d fb				ei	 
075e 87				add a,a	 
075f 00				nop	 
0760 fa b7 00			jp m,000b7h 
0763 33				inc sp	 
0764 03				inc bc	 
0765 00				nop	 
0766 99				sbc a,c	 
0767 00				nop	 
0768 00				nop	 
0769 00				nop	 
076a 00				nop	 
076b 00				nop	 
076c 00				nop	 
076d 00				nop	 
076e d0				ret nc	 
076f 00				nop	 
0770 da ed f4			jp c,0f4edh 
0773 19				add hl,de	 
0774 1a				ld a,(de)	 
0775 01 f1 a9			ld bc,0a9f1h 
0778 14				inc d	 
0779 6f				ld l,a	 
077a 14				inc d	 
077b 87				add a,a	 
077c 14				inc d	 
077d 00				nop	 
077e 08				ex af,af'	 
077f c3 00 00			jp 00000h 
0782 00				nop	 
0783 00				nop	 
0784 00				nop	 
0785 00				nop	 
0786 00				nop	 
0787 00				nop	 
0788 00				nop	 
0789 00				nop	 
078a 00				nop	 
078b 00				nop	 
078c 00				nop	 
078d 00				nop	 
078e 00				nop	 
078f 00				nop	 
0790 00				nop	 
0791 00				nop	 
0792 00				nop	 
0793 00				nop	 
0794 00				nop	 
0795 00				nop	 
0796 02				ld (bc),a	 
0797 80				add a,b	 
0798 00				nop	 
0799 b4				or h	 
079a 77				ld (hl),a	 
079b 00				nop	 
079c b7				or a	 
079d 54				ld d,h	 
079e 00				nop	 
079f 30 33			jr nc,l07d4h 
07a1 00				nop	 
07a2 99				sbc a,c	 
07a3 00				nop	 
07a4 00				nop	 
07a5 00				nop	 
07a6 00				nop	 
07a7 00				nop	 
07a8 00				nop	 
07a9 00				nop	 
07aa 14				inc d	 
07ab 00				nop	 
07ac 26 13			ld h,013h 
07ae 05				dec b	 
07af 1b				dec de	 
07b0 1c				inc e	 
07b1 10 0d			djnz l07c0h 
07b3 6f				ld l,a	 
07b4 14				inc d	 
07b5 a9				xor c	 
07b6 14				inc d	 
07b7 c1				pop bc	 
07b8 14				inc d	 
07b9 00				nop	 
07ba 0a				ld a,(bc)	 
07bb 39				add hl,sp	 
07bc 00				nop	 
07bd 39				add hl,sp	 
07be 00				nop	 
07bf 39				add hl,sp	 
07c0			l07c0h: 
07c0 00				nop	 
07c1 39				add hl,sp	 
07c2 00				nop	 
07c3 39				add hl,sp	 
07c4 00				nop	 
07c5 39				add hl,sp	 
07c6 00				nop	 
07c7 39				add hl,sp	 
07c8 00				nop	 
07c9 39				add hl,sp	 
07ca 00				nop	 
07cb 39				add hl,sp	 
07cc 00				nop	 
07cd 39				add hl,sp	 
07ce 00				nop	 
07cf 39				add hl,sp	 
07d0 00				nop	 
07d1 39				add hl,sp	 
07d2 00				nop	 
07d3 39				add hl,sp	 
07d4			l07d4h: 
07d4 00				nop	 
07d5 39				add hl,sp	 
07d6 00				nop	 
07d7 39				add hl,sp	 
07d8 00				nop	 
07d9 39				add hl,sp	 
07da 00				nop	 
07db 39				add hl,sp	 
07dc 00				nop	 
07dd 39				add hl,sp	 
07de 00				nop	 
07df 39				add hl,sp	 
07e0 00				nop	 
07e1 39				add hl,sp	 
07e2 00				nop	 
07e3 39				add hl,sp	 
07e4 00				nop	 
07e5 39				add hl,sp	 
07e6 00				nop	 
07e7 39				add hl,sp	 
07e8 00				nop	 
07e9 39				add hl,sp	 
07ea 00				nop	 
07eb 39				add hl,sp	 
07ec 00				nop	 
07ed 39				add hl,sp	 
07ee 00				nop	 
07ef 39				add hl,sp	 
07f0 00				nop	 
07f1 39				add hl,sp	 
07f2 00				nop	 
07f3 39				add hl,sp	 
07f4 00				nop	 
07f5 39				add hl,sp	 
07f6 00				nop	 
07f7 39				add hl,sp	 
07f8 00				nop	 
07f9 39				add hl,sp	 
07fa 00				nop	 
07fb 39				add hl,sp	 
07fc 00				nop	 
07fd 39				add hl,sp	 
07fe 00				nop	 
07ff 39				add hl,sp	 
0800			l0800h: 
0800 00				nop	 
0801 39				add hl,sp	 
0802 00				nop	 
0803 c0				ret nz	 
0804			l0804h: 
0804 cc cc 0c			call z,sub_0ccch 
0807 b0				or b	 
0808 bb				cp e	 
0809 bb				cp e	 
080a 0b				dec bc	 
080b f0				ret p	 
080c 0f				rrca	 
080d f0				ret p	 
080e 0f				rrca	 
080f a0				and b	 
0810 0a				ld a,(bc)	 
0811 a0				and b	 
0812 0a				ld a,(bc)	 
0813 c0				ret nz	 
0814 cc cc 0c			call z,sub_0ccch 
0817 b0				or b	 
0818 bb				cp e	 
0819 bb				cp e	 
081a 0b				dec bc	 
081b f0				ret p	 
081c ff				rst 38h	 
081d f0				ret p	 
081e 0f				rrca	 
081f a0				and b	 
0820 0a				ld a,(bc)	 
0821 aa				xor d	 
0822 0a				ld a,(bc)	 
0823 00				nop	 
0824 c0				ret nz	 
0825 0c				inc c	 
0826 00				nop	 
0827 b0				or b	 
0828 0b				dec bc	 
0829 b0				or b	 
082a 0b				dec bc	 
082b f0				ret p	 
082c ff				rst 38h	 
082d f0				ret p	 
082e 0f				rrca	 
082f a0				and b	 
0830 0a				ld a,(bc)	 
0831 aa				xor d	 
0832 00				nop	 
0833 00				nop	 
0834 c0				ret nz	 
0835 0c				inc c	 
0836 00				nop	 
0837 b0				or b	 
0838 0b				dec bc	 
0839 b0				or b	 
083a 0b				dec bc	 
083b f0				ret p	 
083c ff				rst 38h	 
083d ff				rst 38h	 
083e 0f				rrca	 
083f a0				and b	 
0840 aa				xor d	 
0841 0a				ld a,(bc)	 
0842 00				nop	 
0843 00				nop	 
0844 c0				ret nz	 
0845 0c				inc c	 
0846 00				nop	 
0847 b0				or b	 
0848 bb				cp e	 
0849 bb				cp e	 
084a 0b				dec bc	 
084b f0				ret p	 
084c ff				rst 38h	 
084d ff				rst 38h	 
084e 0f				rrca	 
084f a0				and b	 
0850 aa				xor d	 
0851 0a				ld a,(bc)	 
0852 00				nop	 
0853 00				nop	 
0854 c0				ret nz	 
0855 0c				inc c	 
0856 00				nop	 
0857 b0				or b	 
0858 bb				cp e	 
0859 bb				cp e	 
085a 0b				dec bc	 
085b f0				ret p	 
085c 0f				rrca	 
085d ff				rst 38h	 
085e 0f				rrca	 
085f a0				and b	 
0860 0a				ld a,(bc)	 
0861 aa				xor d	 
0862 00				nop	 
0863 00				nop	 
0864 c0				ret nz	 
0865 0c				inc c	 
0866 00				nop	 
0867 b0				or b	 
0868 0b				dec bc	 
0869 b0				or b	 
086a 0b				dec bc	 
086b f0				ret p	 
086c 0f				rrca	 
086d ff				rst 38h	 
086e 0f				rrca	 
086f a0				and b	 
0870 0a				ld a,(bc)	 
0871 aa				xor d	 
0872 0a				ld a,(bc)	 
0873 00				nop	 
0874 c0				ret nz	 
0875 0c				inc c	 
0876 00				nop	 
0877 b0				or b	 
0878 0b				dec bc	 
0879 b0				or b	 
087a 0b				dec bc	 
087b f0				ret p	 
087c 0f				rrca	 
087d f0				ret p	 
087e 0f				rrca	 
087f a0				and b	 
0880 0a				ld a,(bc)	 
0881 a0				and b	 
0882 0a				ld a,(bc)	 
0883 00				nop	 
0884 00				nop	 
0885 00				nop	 
0886 00				nop	 
0887 00				nop	 
0888 00				nop	 
0889 00				nop	 
088a 00				nop	 
088b 00				nop	 
088c 00				nop	 
088d 00				nop	 
088e 00				nop	 
088f 00				nop	 
0890 00				nop	 
0891 00				nop	 
0892 00				nop	 
0893 00				nop	 
0894 99				sbc a,c	 
0895 00				nop	 
0896 00				nop	 
0897 99				sbc a,c	 
0898 00				nop	 
0899 99				sbc a,c	 
089a 99				sbc a,c	 
089b 99				sbc a,c	 
089c 99				sbc a,c	 
089d 00				nop	 
089e 99				sbc a,c	 
089f 99				sbc a,c	 
08a0 99				sbc a,c	 
08a1 99				sbc a,c	 
08a2 00				nop	 
08a3 00				nop	 
08a4 99				sbc a,c	 
08a5 90				sub b	 
08a6 09				add hl,bc	 
08a7 99				sbc a,c	 
08a8 00				nop	 
08a9 99				sbc a,c	 
08aa 99				sbc a,c	 
08ab 99				sbc a,c	 
08ac 99				sbc a,c	 
08ad 00				nop	 
08ae 99				sbc a,c	 
08af 99				sbc a,c	 
08b0 99				sbc a,c	 
08b1 99				sbc a,c	 
08b2 00				nop	 
08b3 00				nop	 
08b4 99				sbc a,c	 
08b5 90				sub b	 
08b6 09				add hl,bc	 
08b7 99				sbc a,c	 
08b8 00				nop	 
08b9 99				sbc a,c	 
08ba 00				nop	 
08bb 00				nop	 
08bc 99				sbc a,c	 
08bd 00				nop	 
08be 99				sbc a,c	 
08bf 00				nop	 
08c0 00				nop	 
08c1 99				sbc a,c	 
08c2 00				nop	 
08c3 00				nop	 
08c4 99				sbc a,c	 
08c5 99				sbc a,c	 
08c6 99				sbc a,c	 
08c7 99				sbc a,c	 
08c8 00				nop	 
08c9 99				sbc a,c	 
08ca 99				sbc a,c	 
08cb 99				sbc a,c	 
08cc 99				sbc a,c	 
08cd 00				nop	 
08ce 99				sbc a,c	 
08cf 99				sbc a,c	 
08d0 99				sbc a,c	 
08d1 99				sbc a,c	 
08d2 00				nop	 
08d3 00				nop	 
08d4 90				sub b	 
08d5 99				sbc a,c	 
08d6 99				sbc a,c	 
08d7 09				add hl,bc	 
08d8 00				nop	 
08d9 99				sbc a,c	 
08da 99				sbc a,c	 
08db 99				sbc a,c	 
08dc 99				sbc a,c	 
08dd 00				nop	 
08de 99				sbc a,c	 
08df 00				nop	 
08e0 99				sbc a,c	 
08e1 00				nop	 
08e2 00				nop	 
08e3			l08e3h: 
08e3 00				nop	 
08e4 90				sub b	 
08e5 09				add hl,bc	 
08e6 90				sub b	 
08e7 09				add hl,bc	 
08e8 00				nop	 
08e9 99				sbc a,c	 
08ea 00				nop	 
08eb 00				nop	 
08ec 99				sbc a,c	 
08ed 00				nop	 
08ee 99				sbc a,c	 
08ef 00				nop	 
08f0 99				sbc a,c	 
08f1 99				sbc a,c	 
08f2 00				nop	 
08f3 00				nop	 
08f4 90				sub b	 
08f5 09				add hl,bc	 
08f6 90				sub b	 
08f7 09				add hl,bc	 
08f8 00				nop	 
08f9 99				sbc a,c	 
08fa 00				nop	 
08fb 00				nop	 
08fc 99				sbc a,c	 
08fd 00				nop	 
08fe 99				sbc a,c	 
08ff			l08ffh: 
08ff 00				nop	 
0900 90				sub b	 
0901 99				sbc a,c	 
0902 00				nop	 
0903 fb				ei	 
0904 87				add a,a	 
0905 00				nop	 
0906 fa b7 00			jp m,000b7h 
0909 33				inc sp	 
090a 03				inc bc	 
090b 00				nop	 
090c 99				sbc a,c	 
090d 00				nop	 
090e 00				nop	 
090f 00				nop	 
0910 00				nop	 
0911 00				nop	 
0912 00				nop	 
0913 cc 0c 00			call z,0000ch 
0916 fa ed 00			jp m,000edh 
0919 fe 2d			cp 02dh 
091b 00				nop	 
091c 99				sbc a,c	 
091d 00				nop	 
091e 00				nop	 
091f 00				nop	 
0920 00				nop	 
0921 00				nop	 
0922 00				nop	 
0923 f2 4c 00			jp p,0004ch 
0926 fa cf 05			jp m,l05cfh 
0929 b3				or e	 
092a 2d				dec l	 
092b 00				nop	 
092c 99				sbc a,c	 
092d ff				rst 38h	 
092e ff				rst 38h	 
092f ff				rst 38h	 
0930 ff				rst 38h	 
0931 ff				rst 38h	 
0932 ff				rst 38h	 
0933 c8				ret z	 
0934 00				nop	 
0935 00				nop	 
0936 f8				ret m	 
0937 1f				rra	 
0938 04				inc b	 
0939 fe b7			cp 0b7h 
093b 01 20 03			ld bc,00320h 
093e 00				nop	 
093f 99				sbc a,c	 
0940 ff				rst 38h	 
0941 ff				rst 38h	 
0942 ff				rst 38h	 
0943 a0				and b	 
0944 04				inc b	 
0945 00				nop	 
0946 fc 4f 00			call m,0004fh 
0949 f2 3f 00			jp p,0003fh 
094c 20 95			jr nz,l08e3h 
094e 01 00 10			ld bc,01000h 
0951 00				nop	 
0952 99				sbc a,c	 
0953 80				add a,b	 
0954 00				nop	 
0955 00				nop	 
0956 e0				ret po	 
0957 0d				dec c	 
0958 00				nop	 
0959 fb				ei	 
095a df				rst 18h	 
095b 00				nop	 
095c b0				or b	 
095d 47				ld b,a	 
095e 04				inc b	 
095f 00				nop	 
0960 61				ld h,c	 
0961 00				nop	 
0962 99				sbc a,c	 
0963 c4 05 00			call nz,00005h 
0966 ff				rst 38h	 
0967 0d				dec c	 
0968 00				nop	 
0969 fa 0b 00			jp m,0000bh 
096c a2				and d	 
096d 04				inc b	 
096e 00				nop	 
096f 30 00			jr nc,l0971h 
0971			l0971h: 
0971 99				sbc a,c	 
0972 ff				rst 38h	 
0973 00				nop	 
0974 04				inc b	 
0975 00				nop	 
0976 fd 05 00			defb 0fdh,005h,000h	;illegal sequence 
0979 fb				ei	 
097a 0f				rrca	 
097b 00				nop	 
097c ba				cp d	 
097d 02				ld (bc),a	 
097e 00				nop	 
097f e0				ret po	 
0980 01 00 99			ld bc,09900h 
0983 cd 05 00			call 00005h 
0986 ff				rst 38h	 
0987 05				dec b	 
0988 00				nop	 
0989 77				ld (hl),a	 
098a 05				dec b	 
098b 00				nop	 
098c d8				ret c	 
098d 00				nop	 
098e 99				sbc a,c	 
098f ff				rst 38h	 
0990 ff				rst 38h	 
0991 ff				rst 38h	 
0992 ff				rst 38h	 
0993 04				inc b	 
0994 04				inc b	 
0995 00				nop	 
0996 ff				rst 38h	 
0997 05				dec b	 
0998 00				nop	 
0999 ff				rst 38h	 
099a 05				dec b	 
099b 00				nop	 
099c 51				ld d,c	 
099d 01 00 32			ld bc,03200h 
09a0 00				nop	 
09a1 99				sbc a,c	 
09a2 ff				rst 38h	 
09a3 ca 08 00			jp z,00008h 
09a6 fe 0f			cp 00fh 
09a8 00				nop	 
09a9 f7				rst 30h	 
09aa 05				dec b	 
09ab 00				nop	 
09ac 58				ld e,b	 
09ad 01 00 30			ld bc,03000h 
09b0 00				nop	 
09b1 99				sbc a,c	 
09b2 ff				rst 38h	 
09b3 08				ex af,af'	 
09b4 00				nop	 
09b5 00				nop	 
09b6 fa 0e 00			jp m,0000eh 
09b9 ff				rst 38h	 
09ba 07				rlca	 
09bb 00				nop	 
09bc 71				ld (hl),c	 
09bd 05				dec b	 
09be 00				nop	 
09bf d2 00 99			jp nc,09900h 
09c2 ff				rst 38h	 
09c3 00				nop	 
09c4 0e 00			ld c,000h 
09c6 e0				ret po	 
09c7 df				rst 18h	 
09c8 04				inc b	 
09c9 b2				or d	 
09ca 7f				ld a,a	 
09cb 00				nop	 
09cc 19				add hl,de	 
09cd 07				rlca	 
09ce 00				nop	 
09cf 10 00			djnz l09d1h 
09d1			l09d1h: 
09d1 99				sbc a,c	 
09d2 ff				rst 38h	 
09d3 00				nop	 
09d4 08				ex af,af'	 
09d5 00				nop	 
09d6 80				add a,b	 
09d7 4f				ld c,a	 
09d8 00				nop	 
09d9 f8				ret m	 
09da ff				rst 38h	 
09db 01 64 1f			ld bc,01f64h 
09de 00				nop	 
09df 42				ld b,d	 
09e0 01 00 99			ld bc,09900h 
09e3 c0				ret nz	 
09e4 7e				ld a,(hl)	 
09e5 00				nop	 
09e6 ed				defb 0edh;next byte illegal after ed 
09e7 ff				rst 38h	 
09e8 00				nop	 
09e9 82				add a,d	 
09ea 3f				ccf	 
09eb 01 00 99			ld bc,09900h 
09ee ff				rst 38h	 
09ef ff				rst 38h	 
09f0 ff				rst 38h	 
09f1 ff				rst 38h	 
09f2 ff				rst 38h	 
09f3 00				nop	 
09f4			l09f4h: 
09f4 c8				ret z	 
09f5 00				nop	 
09f6 b4				or h	 
09f7 df				rst 18h	 
09f8 00				nop	 
09f9 3b				dec sp	 
09fa ff				rst 38h	 
09fb 04				inc b	 
09fc 20 03			jr nz,l0a01h 
09fe 00				nop	 
09ff 99				sbc a,c	 
0a00 ff				rst 38h	 
0a01			l0a01h: 
0a01 ff				rst 38h	 
0a02 ff				rst 38h	 
0a03 b4				or h	 
0a04 7f				ld a,a	 
0a05 00				nop	 
0a06			l0a06h: 
0a06 b7				or a	 
0a07 5f				ld e,a	 
0a08 00				nop	 
0a09 30 33			jr nc,$+53 
0a0b 00				nop	 
0a0c 99				sbc a,c	 
0a0d ff				rst 38h	 
0a0e ff				rst 38h	 
0a0f ff				rst 38h	 
0a10 ff				rst 38h	 
0a11 ff				rst 38h	 
0a12 ff				rst 38h	 
0a13 c0				ret nz	 
0a14 cc 00 ed			call z,0ed00h 
0a17 5f				ld e,a	 
0a18 00				nop	 
0a19 e1				pop hl	 
0a1a df				rst 18h	 
0a1b 00				nop	 
0a1c 99				sbc a,c	 
0a1d ff				rst 38h	 
0a1e ff				rst 38h	 
0a1f ff				rst 38h	 
0a20 ff				rst 38h	 
0a21 ff				rst 38h	 
0a22 ff				rst 38h	 
0a23 28 cf			jr z,l09f4h 
0a25 04				inc b	 
0a26 b7				or a	 
0a27 ff				rst 38h	 
0a28 00				nop	 
0a29 30 db			jr nc,l0a06h 
0a2b 00				nop	 
0a2c 99				sbc a,c	 
0a2d ff				rst 38h	 
0a2e ff				rst 38h	 
0a2f ff				rst 38h	 
0a30 ff				rst 38h	 
0a31 ff				rst 38h	 
0a32 ff				rst 38h	 
0a33 80				add a,b	 
0a34 0c				inc c	 
0a35 00				nop	 
0a36 ce ff			adc a,0ffh 
0a38 01 e1 7f			ld bc,07fe1h 
0a3b 00				nop	 
0a3c 00				nop	 
0a3d 32 00 99			ld (09900h),a 
0a40 ff				rst 38h	 
0a41 ff				rst 38h	 
0a42 ff				rst 38h	 
0a43 18 04			jr l0a49h 
0a45 00				nop	 
0a46 91				sub c	 
0a47 4f				ld c,a	 
0a48 00				nop	 
0a49			l0a49h: 
0a49 f2 ff 04			jp p,004ffh 
0a4c 20 1f			jr nz,$+33 
0a4e 00				nop	 
0a4f 00				nop	 
0a50 02				ld (bc),a	 
0a51 00				nop	 
0a52 99				sbc a,c	 
0a53 40				ld b,b	 
0a54 00				nop	 
0a55 00				nop	 
0a56 46				ld b,(hl)	 
0a57 0d				dec c	 
0a58 00				nop	 
0a59 e8				ret pe	 
0a5a df				rst 18h	 
0a5b 00				nop	 
0a5c b0				or b	 
0a5d 7f				ld a,a	 
0a5e 01 00 0b			ld bc,l0b00h 
0a61 00				nop	 
0a62 99				sbc a,c	 
0a63 78				ld a,b	 
0a64 00				nop	 
0a65 00				nop	 
0a66 d4 05 00			call nc,00005h 
0a69 ff				rst 38h	 
0a6a 0d				dec c	 
0a6b 00				nop	 
0a6c fa 0b 00			jp m,0000bh 
0a6f 02				ld (bc),a	 
0a70 00				nop	 
0a71 99				sbc a,c	 
0a72 ff				rst 38h	 
0a73 c0				ret nz	 
0a74 00				nop	 
0a75 00				nop	 
0a76 52				ld d,d	 
0a77 04				inc b	 
0a78 00				nop	 
0a79 fd 05 00			defb 0fdh,005h,000h	;illegal sequence 
0a7c fb				ei	 
0a7d 0f				rrca	 
0a7e 00				nop	 
0a7f 3a 02 00			ld a,(00002h) 
0a82 99				sbc a,c	 
0a83 72				ld (hl),d	 
0a84 00				nop	 
0a85 00				nop	 
0a86 dd 05 00			defb 0ddh,005h,000h	;illegal sequence 
0a89 ff				rst 38h	 
0a8a 05				dec b	 
0a8b 00				nop	 
0a8c 37				scf	 
0a8d 05				dec b	 
0a8e 00				nop	 
0a8f 99				sbc a,c	 
0a90 ff				rst 38h	 
0a91 ff				rst 38h	 
0a92 ff				rst 38h	 
0a93 c8				ret z	 
0a94 00				nop	 
0a95 00				nop	 
0a96 54				ld d,h	 
0a97 04				inc b	 
0a98 00				nop	 
0a99 ff				rst 38h	 
0a9a 05				dec b	 
0a9b 00				nop	 
0a9c ff				rst 38h	 
0a9d 05				dec b	 
0a9e 00				nop	 
0a9f 01 01 00			ld bc,00001h 
0aa2 99				sbc a,c	 
0aa3 b0				or b	 
0aa4 04				inc b	 
0aa5 00				nop	 
0aa6 ea 08 00			jp pe,00008h 
0aa9 fe 0f			cp 00fh 
0aab 00				nop	 
0aac f7				rst 30h	 
0aad 05				dec b	 
0aae 00				nop	 
0aaf 00				nop	 
0ab0 01 00 99			ld bc,09900h 
0ab3 c0				ret nz	 
0ab4 00				nop	 
0ab5 00				nop	 
0ab6 a8				xor b	 
0ab7 01 00 fa			ld bc,0fa00h 
0aba 0e 00			ld c,000h 
0abc ff				rst 38h	 
0abd 07				rlca	 
0abe 00				nop	 
0abf 31 05 00			ld sp,00005h 
0ac2 99				sbc a,c	 
0ac3 00				nop	 
0ac4 94				sub h	 
0ac5 00				nop	 
0ac6 e0				ret po	 
0ac7 1d				dec e	 
0ac8 01 fe 7f			ld bc,07ffeh 
0acb 00				nop	 
0acc b0				or b	 
0acd 07				rlca	 
0ace 00				nop	 
0acf 20 00			jr nz,l0ad1h 
0ad1			l0ad1h: 
0ad1 99				sbc a,c	 
0ad2 ff				rst 38h	 
0ad3 00				nop	 
0ad4 40				ld b,b	 
0ad5 00				nop	 
0ad6 80				add a,b	 
0ad7 65				ld h,l	 
0ad8 04				inc b	 
0ad9 f8				ret m	 
0ada cf				rst 8	 
0adb 00				nop	 
0adc f3				di	 
0add 1f				rra	 
0ade 00				nop	 
0adf a0				and b	 
0ae0 01 00 99			ld bc,09900h 
0ae3			l0ae3h: 
0ae3 ec 87 00			call pe,00087h 
0ae6 fa 3f 05			jp m,l053fh 
0ae9 f8				ret m	 
0aea 13				inc de	 
0aeb 00				nop	 
0aec 99				sbc a,c	 
0aed ff				rst 38h	 
0aee ff				rst 38h	 
0aef ff				rst 38h	 
0af0 ff				rst 38h	 
0af1 ff				rst 38h	 
0af2 ff				rst 38h	 
0af3 80				add a,b	 
0af4 0c				inc c	 
0af5 00				nop	 
0af6 fb				ei	 
0af7 ed				defb 0edh;next byte illegal after ed 
0af8 04				inc b	 
0af9 f2 4f 01			jp p,l014fh 
0afc 32 00 99			ld (09900h),a 
0aff ff				rst 38h	 
0b00			l0b00h: 
0b00 ff				rst 38h	 
0b01 ff				rst 38h	 
0b02 ff				rst 38h	 
0b03 bb				cp e	 
0b04 87				add a,a	 
0b05 00				nop	 
0b06 8a				adc a,d	 
0b07			l0b07h: 
0b07 b7				or a	 
0b08 00				nop	 
0b09 33				inc sp	 
0b0a 03				inc bc	 
0b0b 00				nop	 
0b0c 99				sbc a,c	 
0b0d 00				nop	 
0b0e 00				nop	 
0b0f 00				nop	 
0b10 00				nop	 
0b11 00				nop	 
0b12 00				nop	 
0b13 cc 0c 00			call z,0000ch 
0b16 2a ed 00			ld hl,(000edh) 
0b19 ee 2d			xor 02dh 
0b1b 00				nop	 
0b1c 99				sbc a,c	 
0b1d 00				nop	 
0b1e 00				nop	 
0b1f 00				nop	 
0b20 00				nop	 
0b21 00				nop	 
0b22 00				nop	 
0b23 f2 4c 00			jp p,0004ch 
0b26 1a				ld a,(de)	 
0b27 ce 05			adc a,005h 
0b29 b3				or e	 
0b2a 2d				dec l	 
0b2b 00				nop	 
0b2c 99				sbc a,c	 
0b2d ff				rst 38h	 
0b2e ff				rst 38h	 
0b2f ff				rst 38h	 
0b30 ff				rst 38h	 
0b31 ff				rst 38h	 
0b32 ff				rst 38h	 
0b33 c8				ret z	 
0b34 00				nop	 
0b35 00				nop	 
0b36 78				ld a,b	 
0b37 1b				dec de	 
0b38 04				inc b	 
0b39 ce b7			adc a,0b7h 
0b3b 01 20 03			ld bc,00320h 
0b3e 00				nop	 
0b3f 99				sbc a,c	 
0b40 ff				rst 38h	 
0b41 ff				rst 38h	 
0b42 ff				rst 38h	 
0b43 a0				and b	 
0b44 04				inc b	 
0b45 00				nop	 
0b46 fc 4b 00			call m,0004bh 
0b49 d2 3e 00			jp nc,0003eh 
0b4c 20 95			jr nz,l0ae3h 
0b4e 01 00 10			ld bc,01000h 
0b51 00				nop	 
0b52 99				sbc a,c	 
0b53 80				add a,b	 
0b54 00				nop	 
0b55 00				nop	 
0b56 e0				ret po	 
0b57 0d				dec c	 
0b58 00				nop	 
0b59 7b				ld a,e	 
0b5a da 00 b0			jp c,0b000h 
0b5d 47				ld b,a	 
0b5e 04				inc b	 
0b5f 00				nop	 
0b60 61				ld h,c	 
0b61 00				nop	 
0b62 99				sbc a,c	 
0b63 c4 05 00			call nz,00005h 
0b66 1f				rra	 
0b67 0d				dec c	 
0b68 00				nop	 
0b69 ea 0b 00			jp pe,0000bh 
0b6c a2				and d	 
0b6d 04				inc b	 
0b6e 00				nop	 
0b6f 30 00			jr nc,l0b71h 
0b71			l0b71h: 
0b71 99				sbc a,c	 
0b72 ff				rst 38h	 
0b73 00				nop	 
0b74 04				inc b	 
0b75 00				nop	 
0b76 7d				ld a,l	 
0b77 05				dec b	 
0b78 00				nop	 
0b79 8b				adc a,e	 
0b7a 0f				rrca	 
0b7b 00				nop	 
0b7c ba				cp d	 
0b7d 02				ld (bc),a	 
0b7e 00				nop	 
0b7f e0				ret po	 
0b80 01 00 99			ld bc,09900h 
0b83 cd 05 00			call 00005h 
0b86 8d				adc a,l	 
0b87 05				dec b	 
0b88 00				nop	 
0b89 77				ld (hl),a	 
0b8a 05				dec b	 
0b8b 00				nop	 
0b8c d8				ret c	 
0b8d 00				nop	 
0b8e 99				sbc a,c	 
0b8f ff				rst 38h	 
0b90 ff				rst 38h	 
0b91 ff				rst 38h	 
0b92 ff				rst 38h	 
0b93 04				inc b	 
0b94 04				inc b	 
0b95 00				nop	 
0b96 37				scf	 
0b97 05				dec b	 
0b98 00				nop	 
0b99 ef				rst 28h	 
0b9a 05				dec b	 
0b9b 00				nop	 
0b9c 51				ld d,c	 
0b9d 01 00 32			ld bc,03200h 
0ba0 00				nop	 
0ba1 99				sbc a,c	 
0ba2 ff				rst 38h	 
0ba3 ca 08 00			jp z,00008h 
0ba6 2e 0f			ld l,00fh 
0ba8 00				nop	 
0ba9 d7				rst 10h	 
0baa 05				dec b	 
0bab 00				nop	 
0bac 58				ld e,b	 
0bad 01 00 30			ld bc,03000h 
0bb0 00				nop	 
0bb1 99				sbc a,c	 
0bb2 ff				rst 38h	 
0bb3 08				ex af,af'	 
0bb4 00				nop	 
0bb5 00				nop	 
0bb6 ba				cp d	 
0bb7 0e 00			ld c,000h 
0bb9 4f				ld c,a	 
0bba 07				rlca	 
0bbb 00				nop	 
0bbc 71				ld (hl),c	 
0bbd 05				dec b	 
0bbe 00				nop	 
0bbf d2 00 99			jp nc,09900h 
0bc2 ff				rst 38h	 
0bc3 00				nop	 
0bc4 0e 00			ld c,000h 
0bc6 e0				ret po	 
0bc7 db 04			in a,(004h) 
0bc9 b2				or d	 
0bca 7c				ld a,h	 
0bcb 00				nop	 
0bcc 19				add hl,de	 
0bcd 07				rlca	 
0bce 00				nop	 
0bcf 10 00			djnz l0bd1h 
0bd1			l0bd1h: 
0bd1 99				sbc a,c	 
0bd2 ff				rst 38h	 
0bd3 00				nop	 
0bd4 08				ex af,af'	 
0bd5 00				nop	 
0bd6 80				add a,b	 
0bd7 4f				ld c,a	 
0bd8 00				nop	 
0bd9 f8				ret m	 
0bda f2 01 64			jp p,06401h 
0bdd 1f				rra	 
0bde 00				nop	 
0bdf 42				ld b,d	 
0be0 01 00 99			ld bc,09900h 
0be3 c0				ret nz	 
0be4 7e				ld a,(hl)	 
0be5 00				nop	 
0be6 ed				defb 0edh;next byte illegal after ed 
0be7 b4				or h	 
0be8 00				nop	 
0be9 82				add a,d	 
0bea 3f				ccf	 
0beb 01 00 99			ld bc,09900h 
0bee ff				rst 38h	 
0bef ff				rst 38h	 
0bf0 ff				rst 38h	 
0bf1 ff				rst 38h	 
0bf2 ff				rst 38h	 
0bf3 00				nop	 
0bf4			l0bf4h: 
0bf4 c8				ret z	 
0bf5 00				nop	 
0bf6 b4				or h	 
0bf7 d3 00			out (000h),a 
0bf9 3b				dec sp	 
0bfa ed				defb 0edh;next byte illegal after ed 
0bfb 04				inc b	 
0bfc 20 03			jr nz,l0c01h 
0bfe 00				nop	 
0bff 99				sbc a,c	 
0c00			l0c00h: 
0c00 ff				rst 38h	 
0c01			l0c01h: 
0c01 ff				rst 38h	 
0c02 ff				rst 38h	 
0c03 b4				or h	 
0c04 77				ld (hl),a	 
0c05 00				nop	 
0c06			l0c06h: 
0c06 b7				or a	 
0c07 54				ld d,h	 
0c08 00				nop	 
0c09 30 33			jr nc,$+53 
0c0b 00				nop	 
0c0c 99				sbc a,c	 
0c0d ff				rst 38h	 
0c0e ff				rst 38h	 
0c0f ff				rst 38h	 
0c10			l0c10h: 
0c10 ff				rst 38h	 
0c11 ff				rst 38h	 
0c12 ff				rst 38h	 
0c13 c0				ret nz	 
0c14 cc 00 ed			call z,0ed00h 
0c17 51				ld d,c	 
0c18 00				nop	 
0c19 e1				pop hl	 
0c1a dd 00 99			defb 0ddh,000h,099h	;illegal sequence 
0c1d ff				rst 38h	 
0c1e ff				rst 38h	 
0c1f ff				rst 38h	 
0c20 ff				rst 38h	 
0c21 ff				rst 38h	 
0c22 ff				rst 38h	 
0c23 28 cf			jr z,l0bf4h 
0c25 04				inc b	 
0c26 b7				or a	 
0c27 e1				pop hl	 
0c28 00				nop	 
0c29 30 db			jr nc,l0c06h 
0c2b 00				nop	 
0c2c 99				sbc a,c	 
0c2d ff				rst 38h	 
0c2e ff				rst 38h	 
0c2f ff				rst 38h	 
0c30 ff				rst 38h	 
0c31 ff				rst 38h	 
0c32 ff				rst 38h	 
0c33 80				add a,b	 
0c34 0c				inc c	 
0c35 00				nop	 
0c36 ce b7			adc a,0b7h 
0c38 01 e1 7c			ld bc,07ce1h 
0c3b 00				nop	 
0c3c 00				nop	 
0c3d 32 00 99			ld (09900h),a 
0c40 ff				rst 38h	 
0c41 ff				rst 38h	 
0c42 ff				rst 38h	 
0c43 18 04			jr l0c49h 
0c45 00				nop	 
0c46 91				sub c	 
0c47 4f				ld c,a	 
0c48 00				nop	 
0c49			l0c49h: 
0c49 f2 f8 04			jp p,004f8h 
0c4c 20 1f			jr nz,$+33 
0c4e 00				nop	 
0c4f 00				nop	 
0c50 02				ld (bc),a	 
0c51 00				nop	 
0c52 99				sbc a,c	 
0c53 40				ld b,b	 
0c54 00				nop	 
0c55 00				nop	 
0c56 46				ld b,(hl)	 
0c57 0d				dec c	 
0c58 00				nop	 
0c59 e8				ret pe	 
0c5a d3 00			out (000h),a 
0c5c b0				or b	 
0c5d 7e				ld a,(hl)	 
0c5e 01 00 0b			ld bc,l0b00h 
0c61 00				nop	 
0c62 99				sbc a,c	 
0c63 78				ld a,b	 
0c64 00				nop	 
0c65 00				nop	 
0c66 d4 05 00			call nc,00005h 
0c69 1f				rra	 
0c6a 0d				dec c	 
0c6b 00				nop	 
0c6c ea 0b 00			jp pe,0000bh 
0c6f 02				ld (bc),a	 
0c70 00				nop	 
0c71 99				sbc a,c	 
0c72 ff				rst 38h	 
0c73 c0				ret nz	 
0c74 00				nop	 
0c75 00				nop	 
0c76 52				ld d,d	 
0c77 04				inc b	 
0c78 00				nop	 
0c79 7d				ld a,l	 
0c7a 05				dec b	 
0c7b 00				nop	 
0c7c 8b				adc a,e	 
0c7d 0f				rrca	 
0c7e 00				nop	 
0c7f 3a 02 00			ld a,(00002h) 
0c82 99				sbc a,c	 
0c83 72				ld (hl),d	 
0c84 00				nop	 
0c85 00				nop	 
0c86 dd 05 00			defb 0ddh,005h,000h	;illegal sequence 
0c89 27				daa	 
0c8a 05				dec b	 
0c8b 00				nop	 
0c8c 37				scf	 
0c8d 05				dec b	 
0c8e 00				nop	 
0c8f 99				sbc a,c	 
0c90 ff				rst 38h	 
0c91 ff				rst 38h	 
0c92 ff				rst 38h	 
0c93 c8				ret z	 
0c94 00				nop	 
0c95 00				nop	 
0c96 54				ld d,h	 
0c97 04				inc b	 
0c98 00				nop	 
0c99 bf				cp a	 
0c9a 05				dec b	 
0c9b 00				nop	 
0c9c cd 05 00			call 00005h 
0c9f 01 01 00			ld bc,00001h 
0ca2 99				sbc a,c	 
0ca3 b0				or b	 
0ca4 04				inc b	 
0ca5 00				nop	 
0ca6 ea 08 00			jp pe,00008h 
0ca9 2e 0f			ld l,00fh 
0cab 00				nop	 
0cac d7				rst 10h	 
0cad 05				dec b	 
0cae 00				nop	 
0caf 00				nop	 
0cb0 01 00 99			ld bc,09900h 
0cb3 c0				ret nz	 
0cb4 00				nop	 
0cb5 00				nop	 
0cb6 a8				xor b	 
0cb7 01 00 ba			ld bc,0ba00h 
0cba 0e 00			ld c,000h 
0cbc 4f				ld c,a	 
0cbd 07				rlca	 
0cbe 00				nop	 
0cbf 31 05 00			ld sp,00005h 
0cc2 99				sbc a,c	 
0cc3 00				nop	 
0cc4 94				sub h	 
0cc5 00				nop	 
0cc6 e0				ret po	 
0cc7 1d				dec e	 
0cc8 01 de 7a			ld bc,07adeh 
0ccb 00				nop	 
0ccc			sub_0ccch: 
0ccc b0				or b	 
0ccd 07				rlca	 
0cce 00				nop	 
0ccf 20 00			jr nz,l0cd1h 
0cd1			l0cd1h: 
0cd1 99				sbc a,c	 
0cd2 ff				rst 38h	 
0cd3 00				nop	 
0cd4 40				ld b,b	 
0cd5 00				nop	 
0cd6 80				add a,b	 
0cd7 65				ld h,l	 
0cd8 04				inc b	 
0cd9 78				ld a,b	 
0cda cb 00			rlc b 
0cdc f3				di	 
0cdd 1e 00			ld e,000h 
0cdf a0				and b	 
0ce0 01 00 99			ld bc,09900h 
0ce3 ec 87 00			call pe,00087h 
0ce6 4a				ld c,d	 
0ce7 3b				dec sp	 
0ce8 05				dec b	 
0ce9 f8				ret m	 
0cea 13				inc de	 
0ceb 00				nop	 
0cec 99				sbc a,c	 
0ced ff				rst 38h	 
0cee ff				rst 38h	 
0cef ff				rst 38h	 
0cf0 ff				rst 38h	 
0cf1 ff				rst 38h	 
0cf2 ff				rst 38h	 
0cf3 80				add a,b	 
0cf4 0c				inc c	 
0cf5 00				nop	 
0cf6 3b				dec sp	 
0cf7 ed				defb 0edh;next byte illegal after ed 
0cf8 04				inc b	 
0cf9 d2 4e 01			jp nc,0014eh 
0cfc 32 00 99			ld (09900h),a 
0cff ff				rst 38h	 
0d00 ff				rst 38h	 
0d01 ff				rst 38h	 
0d02 ff				rst 38h	 
0d03			l0d03h: 
0d03 21 03 01			ld hl,l0103h 
0d06 11 00 00			ld de,00000h 
0d09 01 00 0c			ld bc,l0c00h 
0d0c ed b0			ldir 
0d0e			 
0d0e				; ZOGGINS 
0d0e				; Set DMA address 
0d0e 21 00 0c			ld hl,l0c00h 
0d11 7c				ld a,h 
0d12 37				scf 
0d13 1f				rra 
0d14 d3 0e			out (00eh),a 
0d16			 
0d16 c3 00 00			jp 00000h 
# End of file TANKWAR.ASM
0d19
